<?xml version="1.0" encoding="UTF-8"?>
<!-- Generated by org.testng.reporters.JUnitReportReporter -->
<testsuite hostname="DESKTOP-NMMTQ37" failures="0" tests="4" name="com.runner.Runner_Class" time="241.917" errors="0" timestamp="2024-02-21T21:12:09 IST" skipped="0">
  <testcase classname="com.runner.Runner_Class" name="asetup" time="21.852"/>
  <system-out/>
  <testcase classname="com.runner.Runner_Class" name="updateDetails" time="37.388"/>
  <system-out/>
  <testcase classname="com.runner.Runner_Class" name="selectflight" time="22.445"/>
  <system-out/>
  <testcase classname="com.runner.Runner_Class" name="pageDetails" time="160.232"/>
  <system-out/>
</testsuite> <!-- com.runner.Runner_Class -->
